<?xml version="1.0" encoding="UTF-8"?>
<robot generator="Robot 7.3 (Python 3.11.4 on win32)" generated="2025-06-05T19:23:51.218575" rpa="false" schemaversion="5">
<suite id="s1" name="HotelBookingTest" source="C:\Users\HP\Downloads\AdactinRobot\tests\HotelBookingTest.robot">
<kw name="Open Browser" owner="SeleniumLibrary" type="SETUP">
<msg time="2025-06-05T19:23:53.049215" level="INFO">Opening browser 'chrome' to base url 'https://adactinhotelapp.com/'.</msg>
<arg>${URL}</arg>
<arg>chrome</arg>
<doc>Opens a new browser instance to the optional ``url``.</doc>
<status status="PASS" start="2025-06-05T19:23:53.049215" elapsed="8.126360"/>
</kw>
<test id="s1-t1" name="Complete Hotel Booking Test" line="13">
<kw name="Login To Application" owner="LoginPage">
<kw name="Input Text" owner="SeleniumLibrary">
<msg time="2025-06-05T19:24:01.206760" level="INFO">Typing text 'smuthukrish89' into text field 'id=username'.</msg>
<arg>id=username</arg>
<arg>${username}</arg>
<doc>Types the given ``text`` into the text field identified by ``locator``.</doc>
<status status="PASS" start="2025-06-05T19:24:01.204767" elapsed="1.160668"/>
</kw>
<kw name="Input Text" owner="SeleniumLibrary">
<msg time="2025-06-05T19:24:02.367587" level="INFO">Typing text 'muthurex' into text field 'id=password'.</msg>
<arg>id=password</arg>
<arg>${password}</arg>
<doc>Types the given ``text`` into the text field identified by ``locator``.</doc>
<status status="PASS" start="2025-06-05T19:24:02.366005" elapsed="0.185543"/>
</kw>
<kw name="Click Button" owner="SeleniumLibrary">
<msg time="2025-06-05T19:24:02.552567" level="INFO">Clicking button 'id=login'.</msg>
<arg>id=login</arg>
<doc>Clicks the button identified by ``locator``.</doc>
<status status="PASS" start="2025-06-05T19:24:02.552567" elapsed="0.668004"/>
</kw>
<arg>${USERNAME}</arg>
<arg>${PASSWORD}</arg>
<status status="PASS" start="2025-06-05T19:24:01.203769" elapsed="2.017789"/>
</kw>
<kw name="Search Hotel" owner="SearchHotelPage">
<kw name="Select From List By Value" owner="SeleniumLibrary">
<msg time="2025-06-05T19:24:03.228640" level="INFO">Selecting options from selection list 'id=location' by value London.</msg>
<msg time="2025-06-05T19:24:03.773982" level="INFO" html="true">&lt;/td&gt;&lt;/tr&gt;&lt;tr&gt;&lt;td colspan="3"&gt;&lt;a href="selenium-screenshot-1.png"&gt;&lt;img src="selenium-screenshot-1.png" width="800px"&gt;&lt;/a&gt;</msg>
<msg time="2025-06-05T19:24:03.773982" level="FAIL">List with locator 'id=location' not found.</msg>
<arg>id=location</arg>
<arg>${location}</arg>
<doc>Selects options from selection list ``locator`` by ``values``.</doc>
<status status="FAIL" start="2025-06-05T19:24:03.227487" elapsed="0.768404">List with locator 'id=location' not found.</status>
</kw>
<kw name="Select From List By Value" owner="SeleniumLibrary">
<arg>id=hotels</arg>
<arg>${hotel}</arg>
<doc>Selects options from selection list ``locator`` by ``values``.</doc>
<status status="NOT RUN" start="2025-06-05T19:24:03.996889" elapsed="0.000000"/>
</kw>
<kw name="Select From List By Value" owner="SeleniumLibrary">
<arg>id=room_type</arg>
<arg>${room_type}</arg>
<doc>Selects options from selection list ``locator`` by ``values``.</doc>
<status status="NOT RUN" start="2025-06-05T19:24:03.997886" elapsed="0.000000"/>
</kw>
<kw name="Select From List By Value" owner="SeleniumLibrary">
<arg>id=room_nos</arg>
<arg>${rooms}</arg>
<doc>Selects options from selection list ``locator`` by ``values``.</doc>
<status status="NOT RUN" start="2025-06-05T19:24:03.997886" elapsed="0.000998"/>
</kw>
<kw name="Clear Element Text" owner="SeleniumLibrary">
<arg>id=datepick_in</arg>
<doc>Clears the value of the text-input-element identified by ``locator``.</doc>
<status status="NOT RUN" start="2025-06-05T19:24:03.998884" elapsed="0.000000"/>
</kw>
<kw name="Input Text" owner="SeleniumLibrary">
<arg>id=datepick_in</arg>
<arg>${checkin}</arg>
<doc>Types the given ``text`` into the text field identified by ``locator``.</doc>
<status status="NOT RUN" start="2025-06-05T19:24:03.999885" elapsed="0.000000"/>
</kw>
<kw name="Clear Element Text" owner="SeleniumLibrary">
<arg>id=datepick_out</arg>
<doc>Clears the value of the text-input-element identified by ``locator``.</doc>
<status status="NOT RUN" start="2025-06-05T19:24:03.999885" elapsed="0.000000"/>
</kw>
<kw name="Input Text" owner="SeleniumLibrary">
<arg>id=datepick_out</arg>
<arg>${checkout}</arg>
<doc>Types the given ``text`` into the text field identified by ``locator``.</doc>
<status status="NOT RUN" start="2025-06-05T19:24:04.000948" elapsed="0.000000"/>
</kw>
<kw name="Select From List By Value" owner="SeleniumLibrary">
<arg>id=adult_room</arg>
<arg>${adults}</arg>
<doc>Selects options from selection list ``locator`` by ``values``.</doc>
<status status="NOT RUN" start="2025-06-05T19:24:04.001500" elapsed="0.000000"/>
</kw>
<kw name="Select From List By Value" owner="SeleniumLibrary">
<arg>id=child_room</arg>
<arg>${children}</arg>
<doc>Selects options from selection list ``locator`` by ``values``.</doc>
<status status="NOT RUN" start="2025-06-05T19:24:04.001500" elapsed="0.001002"/>
</kw>
<kw name="Click Button" owner="SeleniumLibrary">
<arg>id=Submit</arg>
<doc>Clicks the button identified by ``locator``.</doc>
<status status="NOT RUN" start="2025-06-05T19:24:04.002502" elapsed="0.000000"/>
</kw>
<arg>${LOCATION}</arg>
<arg>${HOTEL}</arg>
<arg>${ROOM_TYPE}</arg>
<arg>${ROOMS}</arg>
<arg>${CHECKIN}</arg>
<arg>${CHECKOUT}</arg>
<arg>${ADULTS}</arg>
<arg>${CHILDREN}</arg>
<status status="FAIL" start="2025-06-05T19:24:03.224029" elapsed="0.779470">List with locator 'id=location' not found.</status>
</kw>
<kw name="Select Hotel" owner="SelectHotelPage">
<status status="NOT RUN" start="2025-06-05T19:24:04.004496" elapsed="0.000000"/>
</kw>
<kw name="Book Hotel" owner="BookHotelPage">
<status status="NOT RUN" start="2025-06-05T19:24:04.005494" elapsed="0.000000"/>
</kw>
<status status="FAIL" start="2025-06-05T19:24:01.175575" elapsed="2.830917">List with locator 'id=location' not found.</status>
</test>
<kw name="Close Browser" owner="SeleniumLibrary" type="TEARDOWN">
<doc>Closes the current browser.</doc>
<status status="PASS" start="2025-06-05T19:24:04.008487" elapsed="3.169540"/>
</kw>
<status status="FAIL" start="2025-06-05T19:23:51.223191" elapsed="15.955832"/>
</suite>
<statistics>
<total>
<stat pass="0" fail="1" skip="0">All Tests</stat>
</total>
<tag>
</tag>
<suite>
<stat name="HotelBookingTest" id="s1" pass="0" fail="1" skip="0">HotelBookingTest</stat>
</suite>
</statistics>
<errors>
</errors>
</robot>
